2024-10-14T11:55:58.978+01:00  INFO 125948 --- [souscription] [restartedMain] c.o.s.SouscriptionApplication            : Starting SouscriptionApplication using Java 21.0.1 with PID 125948 (C:\Users\gpetemoya\Documents\projets\github\ORSYS\souscription\target\classes started by gpetemoya in C:\Users\gpetemoya\Documents\projets\github\ORSYS\souscription)
2024-10-14T11:55:58.994+01:00  INFO 125948 --- [souscription] [restartedMain] c.o.s.SouscriptionApplication            : No active profile set, falling back to 1 default profile: "default"
2024-10-14T11:55:59.087+01:00  INFO 125948 --- [souscription] [restartedMain] .e.DevToolsPropertyDefaultsPostProcessor : Devtools property defaults active! Set 'spring.devtools.add-properties' to 'false' to disable
2024-10-14T11:55:59.088+01:00  INFO 125948 --- [souscription] [restartedMain] .e.DevToolsPropertyDefaultsPostProcessor : For additional web related logging consider setting the 'logging.level.web' property to 'DEBUG'
2024-10-14T11:55:59.974+01:00  INFO 125948 --- [souscription] [restartedMain] .s.d.r.c.RepositoryConfigurationDelegate : Bootstrapping Spring Data JPA repositories in DEFAULT mode.
2024-10-14T11:56:00.076+01:00  INFO 125948 --- [souscription] [restartedMain] .s.d.r.c.RepositoryConfigurationDelegate : Finished Spring Data repository scanning in 89 ms. Found 3 JPA repository interfaces.
2024-10-14T11:56:00.814+01:00  INFO 125948 --- [souscription] [restartedMain] o.s.b.w.embedded.tomcat.TomcatWebServer  : Tomcat initialized with port 3500 (http)
2024-10-14T11:56:00.840+01:00  INFO 125948 --- [souscription] [restartedMain] o.apache.catalina.core.StandardService   : Starting service [Tomcat]
2024-10-14T11:56:00.841+01:00  INFO 125948 --- [souscription] [restartedMain] o.apache.catalina.core.StandardEngine    : Starting Servlet engine: [Apache Tomcat/10.1.30]
2024-10-14T11:56:00.911+01:00  INFO 125948 --- [souscription] [restartedMain] o.a.c.c.C.[Tomcat].[localhost].[/]       : Initializing Spring embedded WebApplicationContext
2024-10-14T11:56:00.912+01:00  INFO 125948 --- [souscription] [restartedMain] w.s.c.ServletWebServerApplicationContext : Root WebApplicationContext: initialization completed in 1823 ms
2024-10-14T11:56:01.096+01:00  INFO 125948 --- [souscription] [restartedMain] o.hibernate.jpa.internal.util.LogHelper  : HHH000204: Processing PersistenceUnitInfo [name: default]
2024-10-14T11:56:01.185+01:00  INFO 125948 --- [souscription] [restartedMain] org.hibernate.Version                    : HHH000412: Hibernate ORM core version 6.5.3.Final
2024-10-14T11:56:01.231+01:00  INFO 125948 --- [souscription] [restartedMain] o.h.c.internal.RegionFactoryInitiator    : HHH000026: Second-level cache disabled
2024-10-14T11:56:01.476+01:00  INFO 125948 --- [souscription] [restartedMain] o.s.o.j.p.SpringPersistenceUnitInfo      : No LoadTimeWeaver setup: ignoring JPA class transformer
2024-10-14T11:56:01.508+01:00  INFO 125948 --- [souscription] [restartedMain] com.zaxxer.hikari.HikariDataSource       : PostgresqlSouscriptionPool - Starting...
2024-10-14T11:56:01.662+01:00  INFO 125948 --- [souscription] [restartedMain] com.zaxxer.hikari.HikariDataSource       : PostgresqlSouscriptionPool - Start completed.
2024-10-14T11:56:01.751+01:00  WARN 125948 --- [souscription] [restartedMain] org.hibernate.orm.deprecation            : HHH90000025: PostgreSQLDialect does not need to be specified explicitly using 'hibernate.dialect' (remove the property setting and it will be selected by default)
2024-10-14T11:56:02.506+01:00  INFO 125948 --- [souscription] [restartedMain] o.h.e.t.j.p.i.JtaPlatformInitiator       : HHH000489: No JTA platform available (set 'hibernate.transaction.jta.platform' to enable JTA platform integration)
2024-10-14T11:56:02.650+01:00 DEBUG 125948 --- [souscription] [restartedMain] org.hibernate.SQL                        : alter table if exists produit alter column image_ariere1 set data type TEXT
2024-10-14T11:56:02.670+01:00 DEBUG 125948 --- [souscription] [restartedMain] org.hibernate.SQL                        : alter table if exists produit alter column image_ariere2 set data type TEXT
2024-10-14T11:56:02.673+01:00 DEBUG 125948 --- [souscription] [restartedMain] org.hibernate.SQL                        : alter table if exists produit alter column image_logo set data type TEXT
2024-10-14T11:56:02.676+01:00 DEBUG 125948 --- [souscription] [restartedMain] org.hibernate.SQL                        : alter table if exists type_produit alter column description set data type TEXT
2024-10-14T11:56:02.757+01:00  INFO 125948 --- [souscription] [restartedMain] j.LocalContainerEntityManagerFactoryBean : Initialized JPA EntityManagerFactory for persistence unit 'default'
2024-10-14T11:56:03.134+01:00  WARN 125948 --- [souscription] [restartedMain] JpaBaseConfiguration$JpaWebConfiguration : spring.jpa.open-in-view is enabled by default. Therefore, database queries may be performed during view rendering. Explicitly configure spring.jpa.open-in-view to disable this warning
2024-10-14T11:56:03.431+01:00  WARN 125948 --- [souscription] [restartedMain] o.s.b.d.a.OptionalLiveReloadServer       : Unable to start LiveReload server
2024-10-14T11:56:03.460+01:00  INFO 125948 --- [souscription] [restartedMain] o.s.b.w.embedded.tomcat.TomcatWebServer  : Tomcat started on port 3500 (http) with context path '/'
2024-10-14T11:56:03.468+01:00  INFO 125948 --- [souscription] [restartedMain] c.o.s.SouscriptionApplication            : Started SouscriptionApplication in 5.124 seconds (process running for 5.69)
2024-10-14T11:56:03.581+01:00 DEBUG 125948 --- [souscription] [restartedMain] org.hibernate.SQL                        : select c1_0.id,c1_0.accessible,c1_0.devis,c1_0.label,c1_0.longueur,c1_0.num_interface,c1_0.obligatoire,c1_0.ordre_affichage,c1_0.position,c1_0.id_produit,c1_0.type,c1_0.valeur_par_defaut from caracteristique c1_0
2024-10-14T11:56:03.649+01:00 DEBUG 125948 --- [souscription] [restartedMain] org.hibernate.SQL                        : select p1_0.id,p1_0.code,p1_0.description,p1_0.id_type,it1_0.id,it1_0.couleur,it1_0.description,it1_0.libelle,p1_0.image_ariere1,p1_0.image_ariere2,p1_0.image_logo,p1_0.images,p1_0.nb_interface,p1_0.nom,p1_0.status from produit p1_0 join type_produit it1_0 on it1_0.id=p1_0.id_type where p1_0.id=?
2024-10-14T11:56:03.677+01:00 DEBUG 125948 --- [souscription] [restartedMain] org.hibernate.SQL                        : select p1_0.id_type,p1_0.id,p1_0.code,p1_0.description,p1_0.image_ariere1,p1_0.image_ariere2,p1_0.image_logo,p1_0.images,p1_0.nb_interface,p1_0.nom,p1_0.status from produit p1_0 where p1_0.id_type=?
2024-10-14T11:57:16.528+01:00  INFO 125948 --- [souscription] [http-nio-3500-exec-1] o.a.c.c.C.[Tomcat].[localhost].[/]       : Initializing Spring DispatcherServlet 'dispatcherServlet'
2024-10-14T11:57:16.528+01:00  INFO 125948 --- [souscription] [http-nio-3500-exec-1] o.s.web.servlet.DispatcherServlet        : Initializing Servlet 'dispatcherServlet'
2024-10-14T11:57:16.530+01:00  INFO 125948 --- [souscription] [http-nio-3500-exec-1] o.s.web.servlet.DispatcherServlet        : Completed initialization in 1 ms
2024-10-14T11:57:16.713+01:00 DEBUG 125948 --- [souscription] [http-nio-3500-exec-1] org.hibernate.SQL                        : select tp1_0.id,tp1_0.couleur,tp1_0.description,tp1_0.libelle from type_produit tp1_0
2024-10-14T11:57:16.721+01:00 DEBUG 125948 --- [souscription] [http-nio-3500-exec-1] org.hibernate.SQL                        : select p1_0.id_type,p1_0.id,p1_0.code,p1_0.description,p1_0.image_ariere1,p1_0.image_ariere2,p1_0.image_logo,p1_0.images,p1_0.nb_interface,p1_0.nom,p1_0.status from produit p1_0 where p1_0.id_type=?
2024-10-14T11:57:16.727+01:00 DEBUG 125948 --- [souscription] [http-nio-3500-exec-1] org.hibernate.SQL                        : select p1_0.id_type,p1_0.id,p1_0.code,p1_0.description,p1_0.image_ariere1,p1_0.image_ariere2,p1_0.image_logo,p1_0.images,p1_0.nb_interface,p1_0.nom,p1_0.status from produit p1_0 where p1_0.id_type=?
2024-10-14T11:57:16.730+01:00 DEBUG 125948 --- [souscription] [http-nio-3500-exec-1] org.hibernate.SQL                        : select p1_0.id_type,p1_0.id,p1_0.code,p1_0.description,p1_0.image_ariere1,p1_0.image_ariere2,p1_0.image_logo,p1_0.images,p1_0.nb_interface,p1_0.nom,p1_0.status from produit p1_0 where p1_0.id_type=?
2024-10-14T11:57:16.733+01:00 DEBUG 125948 --- [souscription] [http-nio-3500-exec-1] org.hibernate.SQL                        : select p1_0.id_type,p1_0.id,p1_0.code,p1_0.description,p1_0.image_ariere1,p1_0.image_ariere2,p1_0.image_logo,p1_0.images,p1_0.nb_interface,p1_0.nom,p1_0.status from produit p1_0 where p1_0.id_type=?
2024-10-14T11:57:16.737+01:00 DEBUG 125948 --- [souscription] [http-nio-3500-exec-1] org.hibernate.SQL                        : select p1_0.id_type,p1_0.id,p1_0.code,p1_0.description,p1_0.image_ariere1,p1_0.image_ariere2,p1_0.image_logo,p1_0.images,p1_0.nb_interface,p1_0.nom,p1_0.status from produit p1_0 where p1_0.id_type=?
2024-10-14T11:58:23.593+01:00 DEBUG 125948 --- [souscription] [http-nio-3500-exec-9] org.hibernate.SQL                        : select tp1_0.id,tp1_0.couleur,tp1_0.description,tp1_0.libelle from type_produit tp1_0
2024-10-14T11:58:23.600+01:00 DEBUG 125948 --- [souscription] [http-nio-3500-exec-9] org.hibernate.SQL                        : select p1_0.id_type,p1_0.id,p1_0.code,p1_0.description,p1_0.image_ariere1,p1_0.image_ariere2,p1_0.image_logo,p1_0.images,p1_0.nb_interface,p1_0.nom,p1_0.status from produit p1_0 where p1_0.id_type=?
2024-10-14T11:58:23.607+01:00 DEBUG 125948 --- [souscription] [http-nio-3500-exec-9] org.hibernate.SQL                        : select p1_0.id_type,p1_0.id,p1_0.code,p1_0.description,p1_0.image_ariere1,p1_0.image_ariere2,p1_0.image_logo,p1_0.images,p1_0.nb_interface,p1_0.nom,p1_0.status from produit p1_0 where p1_0.id_type=?
2024-10-14T11:58:23.611+01:00 DEBUG 125948 --- [souscription] [http-nio-3500-exec-9] org.hibernate.SQL                        : select p1_0.id_type,p1_0.id,p1_0.code,p1_0.description,p1_0.image_ariere1,p1_0.image_ariere2,p1_0.image_logo,p1_0.images,p1_0.nb_interface,p1_0.nom,p1_0.status from produit p1_0 where p1_0.id_type=?
2024-10-14T11:58:23.615+01:00 DEBUG 125948 --- [souscription] [http-nio-3500-exec-9] org.hibernate.SQL                        : select p1_0.id_type,p1_0.id,p1_0.code,p1_0.description,p1_0.image_ariere1,p1_0.image_ariere2,p1_0.image_logo,p1_0.images,p1_0.nb_interface,p1_0.nom,p1_0.status from produit p1_0 where p1_0.id_type=?
2024-10-14T11:58:23.620+01:00 DEBUG 125948 --- [souscription] [http-nio-3500-exec-9] org.hibernate.SQL                        : select p1_0.id_type,p1_0.id,p1_0.code,p1_0.description,p1_0.image_ariere1,p1_0.image_ariere2,p1_0.image_logo,p1_0.images,p1_0.nb_interface,p1_0.nom,p1_0.status from produit p1_0 where p1_0.id_type=?
2024-10-14T12:20:06.477+01:00 DEBUG 125948 --- [souscription] [http-nio-3500-exec-4] org.hibernate.SQL                        : select tp1_0.id,tp1_0.couleur,tp1_0.description,tp1_0.libelle from type_produit tp1_0
2024-10-14T12:20:06.488+01:00 DEBUG 125948 --- [souscription] [http-nio-3500-exec-4] org.hibernate.SQL                        : select p1_0.id_type,p1_0.id,p1_0.code,p1_0.description,p1_0.image_ariere1,p1_0.image_ariere2,p1_0.image_logo,p1_0.images,p1_0.nb_interface,p1_0.nom,p1_0.status from produit p1_0 where p1_0.id_type=?
2024-10-14T12:20:06.496+01:00 DEBUG 125948 --- [souscription] [http-nio-3500-exec-4] org.hibernate.SQL                        : select p1_0.id_type,p1_0.id,p1_0.code,p1_0.description,p1_0.image_ariere1,p1_0.image_ariere2,p1_0.image_logo,p1_0.images,p1_0.nb_interface,p1_0.nom,p1_0.status from produit p1_0 where p1_0.id_type=?
2024-10-14T12:20:06.500+01:00 DEBUG 125948 --- [souscription] [http-nio-3500-exec-4] org.hibernate.SQL                        : select p1_0.id_type,p1_0.id,p1_0.code,p1_0.description,p1_0.image_ariere1,p1_0.image_ariere2,p1_0.image_logo,p1_0.images,p1_0.nb_interface,p1_0.nom,p1_0.status from produit p1_0 where p1_0.id_type=?
2024-10-14T12:20:06.504+01:00 DEBUG 125948 --- [souscription] [http-nio-3500-exec-4] org.hibernate.SQL                        : select p1_0.id_type,p1_0.id,p1_0.code,p1_0.description,p1_0.image_ariere1,p1_0.image_ariere2,p1_0.image_logo,p1_0.images,p1_0.nb_interface,p1_0.nom,p1_0.status from produit p1_0 where p1_0.id_type=?
2024-10-14T12:20:06.509+01:00 DEBUG 125948 --- [souscription] [http-nio-3500-exec-4] org.hibernate.SQL                        : select p1_0.id_type,p1_0.id,p1_0.code,p1_0.description,p1_0.image_ariere1,p1_0.image_ariere2,p1_0.image_logo,p1_0.images,p1_0.nb_interface,p1_0.nom,p1_0.status from produit p1_0 where p1_0.id_type=?
2024-10-14T15:12:00.395+01:00 DEBUG 125948 --- [souscription] [http-nio-3500-exec-7] org.hibernate.SQL                        : select tp1_0.id,tp1_0.couleur,tp1_0.description,tp1_0.libelle from type_produit tp1_0
2024-10-14T15:12:00.435+01:00 DEBUG 125948 --- [souscription] [http-nio-3500-exec-7] org.hibernate.SQL                        : select p1_0.id_type,p1_0.id,p1_0.code,p1_0.description,p1_0.image_ariere1,p1_0.image_ariere2,p1_0.image_logo,p1_0.images,p1_0.nb_interface,p1_0.nom,p1_0.status from produit p1_0 where p1_0.id_type=?
2024-10-14T15:12:00.445+01:00 DEBUG 125948 --- [souscription] [http-nio-3500-exec-7] org.hibernate.SQL                        : select p1_0.id_type,p1_0.id,p1_0.code,p1_0.description,p1_0.image_ariere1,p1_0.image_ariere2,p1_0.image_logo,p1_0.images,p1_0.nb_interface,p1_0.nom,p1_0.status from produit p1_0 where p1_0.id_type=?
2024-10-14T15:12:00.449+01:00 DEBUG 125948 --- [souscription] [http-nio-3500-exec-7] org.hibernate.SQL                        : select p1_0.id_type,p1_0.id,p1_0.code,p1_0.description,p1_0.image_ariere1,p1_0.image_ariere2,p1_0.image_logo,p1_0.images,p1_0.nb_interface,p1_0.nom,p1_0.status from produit p1_0 where p1_0.id_type=?
2024-10-14T15:12:00.452+01:00 DEBUG 125948 --- [souscription] [http-nio-3500-exec-7] org.hibernate.SQL                        : select p1_0.id_type,p1_0.id,p1_0.code,p1_0.description,p1_0.image_ariere1,p1_0.image_ariere2,p1_0.image_logo,p1_0.images,p1_0.nb_interface,p1_0.nom,p1_0.status from produit p1_0 where p1_0.id_type=?
2024-10-14T15:12:00.454+01:00 DEBUG 125948 --- [souscription] [http-nio-3500-exec-7] org.hibernate.SQL                        : select p1_0.id_type,p1_0.id,p1_0.code,p1_0.description,p1_0.image_ariere1,p1_0.image_ariere2,p1_0.image_logo,p1_0.images,p1_0.nb_interface,p1_0.nom,p1_0.status from produit p1_0 where p1_0.id_type=?
2024-10-14T15:15:48.893+01:00 DEBUG 125948 --- [souscription] [http-nio-3500-exec-2] org.hibernate.SQL                        : select tp1_0.id,tp1_0.couleur,tp1_0.description,tp1_0.libelle from type_produit tp1_0
2024-10-14T15:15:48.901+01:00 DEBUG 125948 --- [souscription] [http-nio-3500-exec-2] org.hibernate.SQL                        : select p1_0.id_type,p1_0.id,p1_0.code,p1_0.description,p1_0.image_ariere1,p1_0.image_ariere2,p1_0.image_logo,p1_0.images,p1_0.nb_interface,p1_0.nom,p1_0.status from produit p1_0 where p1_0.id_type=?
2024-10-14T15:15:48.907+01:00 DEBUG 125948 --- [souscription] [http-nio-3500-exec-2] org.hibernate.SQL                        : select p1_0.id_type,p1_0.id,p1_0.code,p1_0.description,p1_0.image_ariere1,p1_0.image_ariere2,p1_0.image_logo,p1_0.images,p1_0.nb_interface,p1_0.nom,p1_0.status from produit p1_0 where p1_0.id_type=?
2024-10-14T15:15:48.910+01:00 DEBUG 125948 --- [souscription] [http-nio-3500-exec-2] org.hibernate.SQL                        : select p1_0.id_type,p1_0.id,p1_0.code,p1_0.description,p1_0.image_ariere1,p1_0.image_ariere2,p1_0.image_logo,p1_0.images,p1_0.nb_interface,p1_0.nom,p1_0.status from produit p1_0 where p1_0.id_type=?
2024-10-14T15:15:48.913+01:00 DEBUG 125948 --- [souscription] [http-nio-3500-exec-2] org.hibernate.SQL                        : select p1_0.id_type,p1_0.id,p1_0.code,p1_0.description,p1_0.image_ariere1,p1_0.image_ariere2,p1_0.image_logo,p1_0.images,p1_0.nb_interface,p1_0.nom,p1_0.status from produit p1_0 where p1_0.id_type=?
2024-10-14T15:15:48.917+01:00 DEBUG 125948 --- [souscription] [http-nio-3500-exec-2] org.hibernate.SQL                        : select p1_0.id_type,p1_0.id,p1_0.code,p1_0.description,p1_0.image_ariere1,p1_0.image_ariere2,p1_0.image_logo,p1_0.images,p1_0.nb_interface,p1_0.nom,p1_0.status from produit p1_0 where p1_0.id_type=?
2024-10-14T16:04:09.626+01:00 DEBUG 125948 --- [souscription] [http-nio-3500-exec-1] org.hibernate.SQL                        : select tp1_0.id,tp1_0.couleur,tp1_0.description,tp1_0.libelle from type_produit tp1_0
2024-10-14T16:04:09.641+01:00 DEBUG 125948 --- [souscription] [http-nio-3500-exec-1] org.hibernate.SQL                        : select p1_0.id_type,p1_0.id,p1_0.code,p1_0.description,p1_0.image_ariere1,p1_0.image_ariere2,p1_0.image_logo,p1_0.images,p1_0.nb_interface,p1_0.nom,p1_0.status from produit p1_0 where p1_0.id_type=?
2024-10-14T16:04:09.648+01:00 DEBUG 125948 --- [souscription] [http-nio-3500-exec-1] org.hibernate.SQL                        : select p1_0.id_type,p1_0.id,p1_0.code,p1_0.description,p1_0.image_ariere1,p1_0.image_ariere2,p1_0.image_logo,p1_0.images,p1_0.nb_interface,p1_0.nom,p1_0.status from produit p1_0 where p1_0.id_type=?
2024-10-14T16:04:09.652+01:00 DEBUG 125948 --- [souscription] [http-nio-3500-exec-1] org.hibernate.SQL                        : select p1_0.id_type,p1_0.id,p1_0.code,p1_0.description,p1_0.image_ariere1,p1_0.image_ariere2,p1_0.image_logo,p1_0.images,p1_0.nb_interface,p1_0.nom,p1_0.status from produit p1_0 where p1_0.id_type=?
2024-10-14T16:04:09.656+01:00 DEBUG 125948 --- [souscription] [http-nio-3500-exec-1] org.hibernate.SQL                        : select p1_0.id_type,p1_0.id,p1_0.code,p1_0.description,p1_0.image_ariere1,p1_0.image_ariere2,p1_0.image_logo,p1_0.images,p1_0.nb_interface,p1_0.nom,p1_0.status from produit p1_0 where p1_0.id_type=?
2024-10-14T16:04:09.660+01:00 DEBUG 125948 --- [souscription] [http-nio-3500-exec-1] org.hibernate.SQL                        : select p1_0.id_type,p1_0.id,p1_0.code,p1_0.description,p1_0.image_ariere1,p1_0.image_ariere2,p1_0.image_logo,p1_0.images,p1_0.nb_interface,p1_0.nom,p1_0.status from produit p1_0 where p1_0.id_type=?
2024-10-14T16:08:37.315+01:00 DEBUG 125948 --- [souscription] [http-nio-3500-exec-9] org.hibernate.SQL                        : select tp1_0.id,tp1_0.couleur,tp1_0.description,tp1_0.libelle from type_produit tp1_0
2024-10-14T16:08:37.320+01:00 DEBUG 125948 --- [souscription] [http-nio-3500-exec-9] org.hibernate.SQL                        : select p1_0.id_type,p1_0.id,p1_0.code,p1_0.description,p1_0.image_ariere1,p1_0.image_ariere2,p1_0.image_logo,p1_0.images,p1_0.nb_interface,p1_0.nom,p1_0.status from produit p1_0 where p1_0.id_type=?
2024-10-14T16:08:37.326+01:00 DEBUG 125948 --- [souscription] [http-nio-3500-exec-9] org.hibernate.SQL                        : select p1_0.id_type,p1_0.id,p1_0.code,p1_0.description,p1_0.image_ariere1,p1_0.image_ariere2,p1_0.image_logo,p1_0.images,p1_0.nb_interface,p1_0.nom,p1_0.status from produit p1_0 where p1_0.id_type=?
2024-10-14T16:08:37.330+01:00 DEBUG 125948 --- [souscription] [http-nio-3500-exec-9] org.hibernate.SQL                        : select p1_0.id_type,p1_0.id,p1_0.code,p1_0.description,p1_0.image_ariere1,p1_0.image_ariere2,p1_0.image_logo,p1_0.images,p1_0.nb_interface,p1_0.nom,p1_0.status from produit p1_0 where p1_0.id_type=?
2024-10-14T16:08:37.334+01:00 DEBUG 125948 --- [souscription] [http-nio-3500-exec-9] org.hibernate.SQL                        : select p1_0.id_type,p1_0.id,p1_0.code,p1_0.description,p1_0.image_ariere1,p1_0.image_ariere2,p1_0.image_logo,p1_0.images,p1_0.nb_interface,p1_0.nom,p1_0.status from produit p1_0 where p1_0.id_type=?
2024-10-14T16:08:37.338+01:00 DEBUG 125948 --- [souscription] [http-nio-3500-exec-9] org.hibernate.SQL                        : select p1_0.id_type,p1_0.id,p1_0.code,p1_0.description,p1_0.image_ariere1,p1_0.image_ariere2,p1_0.image_logo,p1_0.images,p1_0.nb_interface,p1_0.nom,p1_0.status from produit p1_0 where p1_0.id_type=?
2024-10-14T16:09:26.897+01:00 DEBUG 125948 --- [souscription] [http-nio-3500-exec-4] org.hibernate.SQL                        : select tp1_0.id,tp1_0.couleur,tp1_0.description,tp1_0.libelle from type_produit tp1_0
2024-10-14T16:09:26.902+01:00 DEBUG 125948 --- [souscription] [http-nio-3500-exec-4] org.hibernate.SQL                        : select p1_0.id_type,p1_0.id,p1_0.code,p1_0.description,p1_0.image_ariere1,p1_0.image_ariere2,p1_0.image_logo,p1_0.images,p1_0.nb_interface,p1_0.nom,p1_0.status from produit p1_0 where p1_0.id_type=?
2024-10-14T16:09:26.907+01:00 DEBUG 125948 --- [souscription] [http-nio-3500-exec-4] org.hibernate.SQL                        : select p1_0.id_type,p1_0.id,p1_0.code,p1_0.description,p1_0.image_ariere1,p1_0.image_ariere2,p1_0.image_logo,p1_0.images,p1_0.nb_interface,p1_0.nom,p1_0.status from produit p1_0 where p1_0.id_type=?
2024-10-14T16:09:26.911+01:00 DEBUG 125948 --- [souscription] [http-nio-3500-exec-4] org.hibernate.SQL                        : select p1_0.id_type,p1_0.id,p1_0.code,p1_0.description,p1_0.image_ariere1,p1_0.image_ariere2,p1_0.image_logo,p1_0.images,p1_0.nb_interface,p1_0.nom,p1_0.status from produit p1_0 where p1_0.id_type=?
2024-10-14T16:09:26.914+01:00 DEBUG 125948 --- [souscription] [http-nio-3500-exec-4] org.hibernate.SQL                        : select p1_0.id_type,p1_0.id,p1_0.code,p1_0.description,p1_0.image_ariere1,p1_0.image_ariere2,p1_0.image_logo,p1_0.images,p1_0.nb_interface,p1_0.nom,p1_0.status from produit p1_0 where p1_0.id_type=?
2024-10-14T16:09:26.917+01:00 DEBUG 125948 --- [souscription] [http-nio-3500-exec-4] org.hibernate.SQL                        : select p1_0.id_type,p1_0.id,p1_0.code,p1_0.description,p1_0.image_ariere1,p1_0.image_ariere2,p1_0.image_logo,p1_0.images,p1_0.nb_interface,p1_0.nom,p1_0.status from produit p1_0 where p1_0.id_type=?
2024-10-14T16:11:04.792+01:00 DEBUG 125948 --- [souscription] [http-nio-3500-exec-7] org.hibernate.SQL                        : select tp1_0.id,tp1_0.couleur,tp1_0.description,tp1_0.libelle from type_produit tp1_0
2024-10-14T16:11:04.797+01:00 DEBUG 125948 --- [souscription] [http-nio-3500-exec-7] org.hibernate.SQL                        : select p1_0.id_type,p1_0.id,p1_0.code,p1_0.description,p1_0.image_ariere1,p1_0.image_ariere2,p1_0.image_logo,p1_0.images,p1_0.nb_interface,p1_0.nom,p1_0.status from produit p1_0 where p1_0.id_type=?
2024-10-14T16:11:04.802+01:00 DEBUG 125948 --- [souscription] [http-nio-3500-exec-7] org.hibernate.SQL                        : select p1_0.id_type,p1_0.id,p1_0.code,p1_0.description,p1_0.image_ariere1,p1_0.image_ariere2,p1_0.image_logo,p1_0.images,p1_0.nb_interface,p1_0.nom,p1_0.status from produit p1_0 where p1_0.id_type=?
2024-10-14T16:11:04.805+01:00 DEBUG 125948 --- [souscription] [http-nio-3500-exec-7] org.hibernate.SQL                        : select p1_0.id_type,p1_0.id,p1_0.code,p1_0.description,p1_0.image_ariere1,p1_0.image_ariere2,p1_0.image_logo,p1_0.images,p1_0.nb_interface,p1_0.nom,p1_0.status from produit p1_0 where p1_0.id_type=?
2024-10-14T16:11:04.807+01:00 DEBUG 125948 --- [souscription] [http-nio-3500-exec-7] org.hibernate.SQL                        : select p1_0.id_type,p1_0.id,p1_0.code,p1_0.description,p1_0.image_ariere1,p1_0.image_ariere2,p1_0.image_logo,p1_0.images,p1_0.nb_interface,p1_0.nom,p1_0.status from produit p1_0 where p1_0.id_type=?
2024-10-14T16:11:04.811+01:00 DEBUG 125948 --- [souscription] [http-nio-3500-exec-7] org.hibernate.SQL                        : select p1_0.id_type,p1_0.id,p1_0.code,p1_0.description,p1_0.image_ariere1,p1_0.image_ariere2,p1_0.image_logo,p1_0.images,p1_0.nb_interface,p1_0.nom,p1_0.status from produit p1_0 where p1_0.id_type=?
2024-10-14T16:43:35.638+01:00 DEBUG 125948 --- [souscription] [http-nio-3500-exec-2] org.hibernate.SQL                        : select tp1_0.id,tp1_0.couleur,tp1_0.description,tp1_0.libelle from type_produit tp1_0
2024-10-14T16:43:35.648+01:00 DEBUG 125948 --- [souscription] [http-nio-3500-exec-2] org.hibernate.SQL                        : select p1_0.id_type,p1_0.id,p1_0.code,p1_0.description,p1_0.image_ariere1,p1_0.image_ariere2,p1_0.image_logo,p1_0.images,p1_0.nb_interface,p1_0.nom,p1_0.status from produit p1_0 where p1_0.id_type=?
2024-10-14T16:43:35.653+01:00 DEBUG 125948 --- [souscription] [http-nio-3500-exec-2] org.hibernate.SQL                        : select p1_0.id_type,p1_0.id,p1_0.code,p1_0.description,p1_0.image_ariere1,p1_0.image_ariere2,p1_0.image_logo,p1_0.images,p1_0.nb_interface,p1_0.nom,p1_0.status from produit p1_0 where p1_0.id_type=?
2024-10-14T16:43:35.656+01:00 DEBUG 125948 --- [souscription] [http-nio-3500-exec-2] org.hibernate.SQL                        : select p1_0.id_type,p1_0.id,p1_0.code,p1_0.description,p1_0.image_ariere1,p1_0.image_ariere2,p1_0.image_logo,p1_0.images,p1_0.nb_interface,p1_0.nom,p1_0.status from produit p1_0 where p1_0.id_type=?
2024-10-14T16:43:35.659+01:00 DEBUG 125948 --- [souscription] [http-nio-3500-exec-2] org.hibernate.SQL                        : select p1_0.id_type,p1_0.id,p1_0.code,p1_0.description,p1_0.image_ariere1,p1_0.image_ariere2,p1_0.image_logo,p1_0.images,p1_0.nb_interface,p1_0.nom,p1_0.status from produit p1_0 where p1_0.id_type=?
2024-10-14T16:43:35.662+01:00 DEBUG 125948 --- [souscription] [http-nio-3500-exec-2] org.hibernate.SQL                        : select p1_0.id_type,p1_0.id,p1_0.code,p1_0.description,p1_0.image_ariere1,p1_0.image_ariere2,p1_0.image_logo,p1_0.images,p1_0.nb_interface,p1_0.nom,p1_0.status from produit p1_0 where p1_0.id_type=?
2024-10-14T16:43:46.194+01:00 DEBUG 125948 --- [souscription] [http-nio-3500-exec-1] org.hibernate.SQL                        : select tp1_0.id,tp1_0.couleur,tp1_0.description,tp1_0.libelle from type_produit tp1_0
2024-10-14T16:43:46.197+01:00 DEBUG 125948 --- [souscription] [http-nio-3500-exec-1] org.hibernate.SQL                        : select p1_0.id_type,p1_0.id,p1_0.code,p1_0.description,p1_0.image_ariere1,p1_0.image_ariere2,p1_0.image_logo,p1_0.images,p1_0.nb_interface,p1_0.nom,p1_0.status from produit p1_0 where p1_0.id_type=?
2024-10-14T16:43:46.203+01:00 DEBUG 125948 --- [souscription] [http-nio-3500-exec-1] org.hibernate.SQL                        : select p1_0.id_type,p1_0.id,p1_0.code,p1_0.description,p1_0.image_ariere1,p1_0.image_ariere2,p1_0.image_logo,p1_0.images,p1_0.nb_interface,p1_0.nom,p1_0.status from produit p1_0 where p1_0.id_type=?
2024-10-14T16:43:46.208+01:00 DEBUG 125948 --- [souscription] [http-nio-3500-exec-1] org.hibernate.SQL                        : select p1_0.id_type,p1_0.id,p1_0.code,p1_0.description,p1_0.image_ariere1,p1_0.image_ariere2,p1_0.image_logo,p1_0.images,p1_0.nb_interface,p1_0.nom,p1_0.status from produit p1_0 where p1_0.id_type=?
2024-10-14T16:43:46.210+01:00 DEBUG 125948 --- [souscription] [http-nio-3500-exec-1] org.hibernate.SQL                        : select p1_0.id_type,p1_0.id,p1_0.code,p1_0.description,p1_0.image_ariere1,p1_0.image_ariere2,p1_0.image_logo,p1_0.images,p1_0.nb_interface,p1_0.nom,p1_0.status from produit p1_0 where p1_0.id_type=?
2024-10-14T16:43:46.213+01:00 DEBUG 125948 --- [souscription] [http-nio-3500-exec-1] org.hibernate.SQL                        : select p1_0.id_type,p1_0.id,p1_0.code,p1_0.description,p1_0.image_ariere1,p1_0.image_ariere2,p1_0.image_logo,p1_0.images,p1_0.nb_interface,p1_0.nom,p1_0.status from produit p1_0 where p1_0.id_type=?
2024-10-14T16:44:30.909+01:00 DEBUG 125948 --- [souscription] [http-nio-3500-exec-9] org.hibernate.SQL                        : select tp1_0.id,tp1_0.couleur,tp1_0.description,tp1_0.libelle from type_produit tp1_0
2024-10-14T16:44:30.915+01:00 DEBUG 125948 --- [souscription] [http-nio-3500-exec-9] org.hibernate.SQL                        : select p1_0.id_type,p1_0.id,p1_0.code,p1_0.description,p1_0.image_ariere1,p1_0.image_ariere2,p1_0.image_logo,p1_0.images,p1_0.nb_interface,p1_0.nom,p1_0.status from produit p1_0 where p1_0.id_type=?
2024-10-14T16:44:30.920+01:00 DEBUG 125948 --- [souscription] [http-nio-3500-exec-9] org.hibernate.SQL                        : select p1_0.id_type,p1_0.id,p1_0.code,p1_0.description,p1_0.image_ariere1,p1_0.image_ariere2,p1_0.image_logo,p1_0.images,p1_0.nb_interface,p1_0.nom,p1_0.status from produit p1_0 where p1_0.id_type=?
2024-10-14T16:44:30.925+01:00 DEBUG 125948 --- [souscription] [http-nio-3500-exec-9] org.hibernate.SQL                        : select p1_0.id_type,p1_0.id,p1_0.code,p1_0.description,p1_0.image_ariere1,p1_0.image_ariere2,p1_0.image_logo,p1_0.images,p1_0.nb_interface,p1_0.nom,p1_0.status from produit p1_0 where p1_0.id_type=?
2024-10-14T16:44:30.929+01:00 DEBUG 125948 --- [souscription] [http-nio-3500-exec-9] org.hibernate.SQL                        : select p1_0.id_type,p1_0.id,p1_0.code,p1_0.description,p1_0.image_ariere1,p1_0.image_ariere2,p1_0.image_logo,p1_0.images,p1_0.nb_interface,p1_0.nom,p1_0.status from produit p1_0 where p1_0.id_type=?
2024-10-14T16:44:30.933+01:00 DEBUG 125948 --- [souscription] [http-nio-3500-exec-9] org.hibernate.SQL                        : select p1_0.id_type,p1_0.id,p1_0.code,p1_0.description,p1_0.image_ariere1,p1_0.image_ariere2,p1_0.image_logo,p1_0.images,p1_0.nb_interface,p1_0.nom,p1_0.status from produit p1_0 where p1_0.id_type=?
2024-10-14T16:46:36.058+01:00 DEBUG 125948 --- [souscription] [http-nio-3500-exec-4] org.hibernate.SQL                        : select tp1_0.id,tp1_0.couleur,tp1_0.description,tp1_0.libelle from type_produit tp1_0
2024-10-14T16:46:36.063+01:00 DEBUG 125948 --- [souscription] [http-nio-3500-exec-4] org.hibernate.SQL                        : select p1_0.id_type,p1_0.id,p1_0.code,p1_0.description,p1_0.image_ariere1,p1_0.image_ariere2,p1_0.image_logo,p1_0.images,p1_0.nb_interface,p1_0.nom,p1_0.status from produit p1_0 where p1_0.id_type=?
2024-10-14T16:46:36.069+01:00 DEBUG 125948 --- [souscription] [http-nio-3500-exec-4] org.hibernate.SQL                        : select p1_0.id_type,p1_0.id,p1_0.code,p1_0.description,p1_0.image_ariere1,p1_0.image_ariere2,p1_0.image_logo,p1_0.images,p1_0.nb_interface,p1_0.nom,p1_0.status from produit p1_0 where p1_0.id_type=?
2024-10-14T16:46:36.072+01:00 DEBUG 125948 --- [souscription] [http-nio-3500-exec-4] org.hibernate.SQL                        : select p1_0.id_type,p1_0.id,p1_0.code,p1_0.description,p1_0.image_ariere1,p1_0.image_ariere2,p1_0.image_logo,p1_0.images,p1_0.nb_interface,p1_0.nom,p1_0.status from produit p1_0 where p1_0.id_type=?
2024-10-14T16:46:36.075+01:00 DEBUG 125948 --- [souscription] [http-nio-3500-exec-4] org.hibernate.SQL                        : select p1_0.id_type,p1_0.id,p1_0.code,p1_0.description,p1_0.image_ariere1,p1_0.image_ariere2,p1_0.image_logo,p1_0.images,p1_0.nb_interface,p1_0.nom,p1_0.status from produit p1_0 where p1_0.id_type=?
2024-10-14T16:46:36.078+01:00 DEBUG 125948 --- [souscription] [http-nio-3500-exec-4] org.hibernate.SQL                        : select p1_0.id_type,p1_0.id,p1_0.code,p1_0.description,p1_0.image_ariere1,p1_0.image_ariere2,p1_0.image_logo,p1_0.images,p1_0.nb_interface,p1_0.nom,p1_0.status from produit p1_0 where p1_0.id_type=?
2024-10-14T18:21:32.778+01:00 DEBUG 125948 --- [souscription] [http-nio-3500-exec-7] org.hibernate.SQL                        : select tp1_0.id,tp1_0.couleur,tp1_0.description,tp1_0.libelle from type_produit tp1_0
2024-10-14T18:21:32.806+01:00 DEBUG 125948 --- [souscription] [http-nio-3500-exec-7] org.hibernate.SQL                        : select p1_0.id_type,p1_0.id,p1_0.code,p1_0.description,p1_0.image_ariere1,p1_0.image_ariere2,p1_0.image_logo,p1_0.images,p1_0.nb_interface,p1_0.nom,p1_0.status from produit p1_0 where p1_0.id_type=?
2024-10-14T18:21:32.812+01:00 DEBUG 125948 --- [souscription] [http-nio-3500-exec-7] org.hibernate.SQL                        : select p1_0.id_type,p1_0.id,p1_0.code,p1_0.description,p1_0.image_ariere1,p1_0.image_ariere2,p1_0.image_logo,p1_0.images,p1_0.nb_interface,p1_0.nom,p1_0.status from produit p1_0 where p1_0.id_type=?
2024-10-14T18:21:32.816+01:00 DEBUG 125948 --- [souscription] [http-nio-3500-exec-7] org.hibernate.SQL                        : select p1_0.id_type,p1_0.id,p1_0.code,p1_0.description,p1_0.image_ariere1,p1_0.image_ariere2,p1_0.image_logo,p1_0.images,p1_0.nb_interface,p1_0.nom,p1_0.status from produit p1_0 where p1_0.id_type=?
2024-10-14T18:21:32.819+01:00 DEBUG 125948 --- [souscription] [http-nio-3500-exec-7] org.hibernate.SQL                        : select p1_0.id_type,p1_0.id,p1_0.code,p1_0.description,p1_0.image_ariere1,p1_0.image_ariere2,p1_0.image_logo,p1_0.images,p1_0.nb_interface,p1_0.nom,p1_0.status from produit p1_0 where p1_0.id_type=?
2024-10-14T18:21:32.823+01:00 DEBUG 125948 --- [souscription] [http-nio-3500-exec-7] org.hibernate.SQL                        : select p1_0.id_type,p1_0.id,p1_0.code,p1_0.description,p1_0.image_ariere1,p1_0.image_ariere2,p1_0.image_logo,p1_0.images,p1_0.nb_interface,p1_0.nom,p1_0.status from produit p1_0 where p1_0.id_type=?
2024-10-14T18:21:45.715+01:00 DEBUG 125948 --- [souscription] [http-nio-3500-exec-2] org.hibernate.SQL                        : select tp1_0.id,tp1_0.couleur,tp1_0.description,tp1_0.libelle from type_produit tp1_0
2024-10-14T18:21:45.719+01:00 DEBUG 125948 --- [souscription] [http-nio-3500-exec-2] org.hibernate.SQL                        : select p1_0.id_type,p1_0.id,p1_0.code,p1_0.description,p1_0.image_ariere1,p1_0.image_ariere2,p1_0.image_logo,p1_0.images,p1_0.nb_interface,p1_0.nom,p1_0.status from produit p1_0 where p1_0.id_type=?
2024-10-14T18:21:45.723+01:00 DEBUG 125948 --- [souscription] [http-nio-3500-exec-2] org.hibernate.SQL                        : select p1_0.id_type,p1_0.id,p1_0.code,p1_0.description,p1_0.image_ariere1,p1_0.image_ariere2,p1_0.image_logo,p1_0.images,p1_0.nb_interface,p1_0.nom,p1_0.status from produit p1_0 where p1_0.id_type=?
2024-10-14T18:21:45.726+01:00 DEBUG 125948 --- [souscription] [http-nio-3500-exec-2] org.hibernate.SQL                        : select p1_0.id_type,p1_0.id,p1_0.code,p1_0.description,p1_0.image_ariere1,p1_0.image_ariere2,p1_0.image_logo,p1_0.images,p1_0.nb_interface,p1_0.nom,p1_0.status from produit p1_0 where p1_0.id_type=?
2024-10-14T18:21:45.729+01:00 DEBUG 125948 --- [souscription] [http-nio-3500-exec-2] org.hibernate.SQL                        : select p1_0.id_type,p1_0.id,p1_0.code,p1_0.description,p1_0.image_ariere1,p1_0.image_ariere2,p1_0.image_logo,p1_0.images,p1_0.nb_interface,p1_0.nom,p1_0.status from produit p1_0 where p1_0.id_type=?
2024-10-14T18:21:45.732+01:00 DEBUG 125948 --- [souscription] [http-nio-3500-exec-2] org.hibernate.SQL                        : select p1_0.id_type,p1_0.id,p1_0.code,p1_0.description,p1_0.image_ariere1,p1_0.image_ariere2,p1_0.image_logo,p1_0.images,p1_0.nb_interface,p1_0.nom,p1_0.status from produit p1_0 where p1_0.id_type=?
2024-10-14T18:24:29.805+01:00  INFO 125948 --- [souscription] [SpringApplicationShutdownHook] j.LocalContainerEntityManagerFactoryBean : Closing JPA EntityManagerFactory for persistence unit 'default'
2024-10-14T18:24:29.967+01:00  INFO 125948 --- [souscription] [SpringApplicationShutdownHook] com.zaxxer.hikari.HikariDataSource       : PostgresqlSouscriptionPool - Shutdown initiated...
2024-10-14T18:24:29.995+01:00  INFO 125948 --- [souscription] [SpringApplicationShutdownHook] com.zaxxer.hikari.HikariDataSource       : PostgresqlSouscriptionPool - Shutdown completed.
